<?xml version="1.0" encoding="UTF-8"?>
<!-- Generated by org.testng.reporters.JUnitXMLReporter -->
<testsuite ignored="0" hostname="LAPTOP-39EM43P6" failures="2" tests="2" name="Default test" time="36.755" errors="0" timestamp="2025-02-15T14:08:44 IST">
  <testcase classname="io.cucumber.testng.AbstractTestNGCucumberTests" name="runScenario" time="10.702">
    <failure type="java.lang.NullPointerException" message="Cannot invoke &amp;quot;pageobjects.RegistrationPage.setFirstName(String)&amp;quot; because &amp;quot;this.registrationPage&amp;quot; is null">
      <![CDATA[java.lang.NullPointerException: Cannot invoke "pageobjects.RegistrationPage.setFirstName(String)" because "this.registrationPage" is null
at stepDefinitions.RegistrationSteps.fillInRegistrationDetails(RegistrationSteps.java:29)
at ✽.I fill in the registration details(file:///C:/Users/Sachin%20Zagade/Downloads/Opencart_V122_Cucumber-master/src/test/resources/features/Registration.feature:7)
]]>
    </failure>
  </testcase> <!-- runScenario -->
  <testcase classname="io.cucumber.testng.AbstractTestNGCucumberTests" name="runScenario" time="33.32">
    <failure type="java.lang.AssertionError" message="Login failed: My Account page not displayed">
      <![CDATA[java.lang.AssertionError: Login failed: My Account page not displayed
at org.junit.Assert.fail(Assert.java:89)
at org.junit.Assert.assertTrue(Assert.java:42)
at stepDefinitions.LoginSteps.verifyMyAccountPage(LoginSteps.java:44)
at ✽.I should be redirected to the My Account page(file:///C:/Users/Sachin%20Zagade/Downloads/Opencart_V122_Cucumber-master/src/test/resources/features/Login.feature:9)
]]>
    </failure>
  </testcase> <!-- runScenario -->
</testsuite> <!-- Default test -->
